<?xml version="1.0" encoding="UTF-8"?>
<!-- Generated by org.testng.reporters.JUnitReportReporter -->
<testsuite hostname="Prakash" failures="0" tests="1" name="testngpractice.TestNGPractice2" time="11.031" errors="0" timestamp="2023-10-27T10:19:33 IST" skipped="0">
  <testcase classname="testngpractice.TestNGPractice2" name="selenium" time="11.031"/>
</testsuite> <!-- testngpractice.TestNGPractice2 -->
